2024-09-10 15:56:51 UTC
Windows-10-10.0.19045
Ren'Py 8.2.3.24061702

Early init took 0.09s
Loading error handling took 0.07s
Loading script took 0.26s
Loading save slot metadata took 0.10s
Loading persistent took 0.00s
vowel file
Running init code took 0.07s
Loading analysis data took 0.04s
Analyze and compile ATL took 0.00s
Reloading save slot metadata took 0.05s
Index archives took 0.00s
Backing up script files to 'C:\\Users\\Lex\\AppData\\Roaming/RenPy/backups\\JapanesePractice':
Dump and make backups took 0.08s
Cleaning cache took 0.00s
Making clean stores took 0.00s
Initial gc took 0.06s
DPI scale factor: 1.500000
nvdrs: Loaded, about to disable thread optimizations.
nvdrs: b"Couldn't load nvlib." (can be ignored)
Creating interface object took 0.00s
Cleaning stores took 0.00s
Init translation took 0.04s
Build styles took 0.00s
Load screen analysis took 0.02s
Analyze screens took 0.03s
Save screen analysis took 0.05s
Prepare screens took 0.14s
Save pyanalysis. took 0.00s
Save bytecode. took 0.04s
Running _start took 0.00s
Interface start took 0.49s

Initializing gl2 renderer:
primary display bounds: (0, 0, 2256, 1504)
swap interval: 1 frames
Windowed mode.
Vendor: "b'Intel'"
Renderer: b'Intel(R) Iris(R) Plus Graphics'
Version: b'4.6.0 - Build 31.0.101.2125'
Display Info: None
Screen sizes: virtual=(1920, 1080) physical=(1539, 866) drawable=(1539, 866)
Maximum texture size: 4096x4096
dragged_item=sound

Full traceback:
  File "game/script.rpy", line 30, in script
    call screen cards
  File "C:\Users\Lex\Downloads\renpy-8.2.3-sdk\renpy\ast.py", line 1971, in execute
    self.call("execute")
  File "C:\Users\Lex\Downloads\renpy-8.2.3-sdk\renpy\ast.py", line 1953, in call
    return renpy.statements.call(method, parsed, *args, **kwargs)
  File "C:\Users\Lex\Downloads\renpy-8.2.3-sdk\renpy\statements.py", line 349, in call
    return method(parsed, *args, **kwargs)
  File "renpy/common/000statements.rpy", line 671, in execute_call_screen
    store._return = renpy.call_screen(name, *args, **kwargs)
  File "C:\Users\Lex\Downloads\renpy-8.2.3-sdk\renpy\exports.py", line 3420, in call_screen
    rv = renpy.ui.interact(mouse="screen", type="screen", roll_forward=roll_forward)
  File "C:\Users\Lex\Downloads\renpy-8.2.3-sdk\renpy\ui.py", line 301, in interact
    rv = renpy.game.interface.interact(roll_forward=roll_forward, **kwargs)
  File "C:\Users\Lex\Downloads\renpy-8.2.3-sdk\renpy\display\core.py", line 2166, in interact
    repeat, rv = self.interact_core(preloads=preloads, trans_pause=trans_pause, pause=pause, pause_start=pause_start, pause_modal=pause_modal, **kwargs) # type: ignore
  File "C:\Users\Lex\Downloads\renpy-8.2.3-sdk\renpy\display\core.py", line 3208, in interact_core
    rv = root_widget.event(ev, x, y, 0)
  File "C:\Users\Lex\Downloads\renpy-8.2.3-sdk\renpy\display\layout.py", line 1202, in event
    rv = i.event(ev, x - xo, y - yo, cst)
  File "C:\Users\Lex\Downloads\renpy-8.2.3-sdk\renpy\display\layout.py", line 1202, in event
    rv = i.event(ev, x - xo, y - yo, cst)
  File "C:\Users\Lex\Downloads\renpy-8.2.3-sdk\renpy\display\layout.py", line 1202, in event
    rv = i.event(ev, x - xo, y - yo, cst)
  File "C:\Users\Lex\Downloads\renpy-8.2.3-sdk\renpy\display\screen.py", line 793, in event
    rv = self.child.event(ev, x, y, st)
  File "C:\Users\Lex\Downloads\renpy-8.2.3-sdk\renpy\display\layout.py", line 1202, in event
    rv = i.event(ev, x - xo, y - yo, cst)
  File "C:\Users\Lex\Downloads\renpy-8.2.3-sdk\renpy\display\dragdrop.py", line 1092, in event
    return super(DragGroup, self).event(ev, x, y, st)
  File "C:\Users\Lex\Downloads\renpy-8.2.3-sdk\renpy\display\layout.py", line 1202, in event
    rv = i.event(ev, x - xo, y - yo, cst)
  File "C:\Users\Lex\Downloads\renpy-8.2.3-sdk\renpy\display\dragdrop.py", line 910, in event
    drop = self.drag_group.get_best_drop(joined) # type: ignore
  File "C:\Users\Lex\Downloads\renpy-8.2.3-sdk\renpy\display\dragdrop.py", line 1158, in get_best_drop
    c.drop_allowable(c, joined)
  File "game/cards.rpy", line 67, in drop_control
    check_for_match(dragged_item, dropped_on)
NameError: name 'dropped_on' is not defined

While running game code:
  File "game/script.rpy", line 30, in script
    call screen cards
  File "renpy/common/000statements.rpy", line 671, in execute_call_screen
    store._return = renpy.call_screen(name, *args, **kwargs)
  File "game/cards.rpy", line 67, in drop_control
    check_for_match(dragged_item, dropped_on)
NameError: name 'dropped_on' is not defined
Traceback (most recent call last):
  File "C:\Users\Lex\Downloads\renpy-8.2.3-sdk\renpy\execution.py", line 596, in run
    node.execute()
  File "C:\Users\Lex\Downloads\renpy-8.2.3-sdk\renpy\ast.py", line 1971, in execute
    self.call("execute")
  File "C:\Users\Lex\Downloads\renpy-8.2.3-sdk\renpy\ast.py", line 1953, in call
    return renpy.statements.call(method, parsed, *args, **kwargs)
  File "C:\Users\Lex\Downloads\renpy-8.2.3-sdk\renpy\statements.py", line 349, in call
    return method(parsed, *args, **kwargs)
  File "renpy/common/000statements.rpy", line 671, in execute_call_screen
    store._return = renpy.call_screen(name, *args, **kwargs)
  File "C:\Users\Lex\Downloads\renpy-8.2.3-sdk\renpy\exports.py", line 3420, in call_screen
    rv = renpy.ui.interact(mouse="screen", type="screen", roll_forward=roll_forward)
  File "C:\Users\Lex\Downloads\renpy-8.2.3-sdk\renpy\ui.py", line 301, in interact
    rv = renpy.game.interface.interact(roll_forward=roll_forward, **kwargs)
  File "C:\Users\Lex\Downloads\renpy-8.2.3-sdk\renpy\display\core.py", line 2166, in interact
    repeat, rv = self.interact_core(preloads=preloads, trans_pause=trans_pause, pause=pause, pause_start=pause_start, pause_modal=pause_modal, **kwargs) # type: ignore
  File "C:\Users\Lex\Downloads\renpy-8.2.3-sdk\renpy\display\core.py", line 3208, in interact_core
    rv = root_widget.event(ev, x, y, 0)
  File "C:\Users\Lex\Downloads\renpy-8.2.3-sdk\renpy\display\layout.py", line 1202, in event
    rv = i.event(ev, x - xo, y - yo, cst)
  File "C:\Users\Lex\Downloads\renpy-8.2.3-sdk\renpy\display\layout.py", line 1202, in event
    rv = i.event(ev, x - xo, y - yo, cst)
  File "C:\Users\Lex\Downloads\renpy-8.2.3-sdk\renpy\display\layout.py", line 1202, in event
    rv = i.event(ev, x - xo, y - yo, cst)
  File "C:\Users\Lex\Downloads\renpy-8.2.3-sdk\renpy\display\screen.py", line 793, in event
    rv = self.child.event(ev, x, y, st)
  File "C:\Users\Lex\Downloads\renpy-8.2.3-sdk\renpy\display\layout.py", line 1202, in event
    rv = i.event(ev, x - xo, y - yo, cst)
  File "C:\Users\Lex\Downloads\renpy-8.2.3-sdk\renpy\display\dragdrop.py", line 1092, in event
    return super(DragGroup, self).event(ev, x, y, st)
  File "C:\Users\Lex\Downloads\renpy-8.2.3-sdk\renpy\display\layout.py", line 1202, in event
    rv = i.event(ev, x - xo, y - yo, cst)
  File "C:\Users\Lex\Downloads\renpy-8.2.3-sdk\renpy\display\dragdrop.py", line 910, in event
    drop = self.drag_group.get_best_drop(joined) # type: ignore
  File "C:\Users\Lex\Downloads\renpy-8.2.3-sdk\renpy\display\dragdrop.py", line 1158, in get_best_drop
    c.drop_allowable(c, joined)
  File "game/cards.rpy", line 67, in drop_control
    check_for_match(dragged_item, dropped_on)
NameError: name 'dropped_on' is not defined

During handling of the above exception, another exception occurred:

Traceback (most recent call last):
  File "C:\Users\Lex\Downloads\renpy-8.2.3-sdk\renpy\editor.py", line 171, in launch_editor
    editor.end()
  File "C:\Users\Lex\Downloads\renpy-8.2.3-sdk\launcher\Visual Studio Code (System).edit.py", line 73, in end
    subprocess.Popen(args, creationflags=CREATE_NO_WINDOW)
  File "lib/python3.9/subprocess.py", line 951, in __init__
  File "lib/python3.9/subprocess.py", line 1420, in _execute_child
FileNotFoundError: [WinError 2] The system cannot find the file specified
